2022-02-10 11:10:55,548 :INFO : base_login_to_application :Entering the url
2022-02-10 11:10:59,838 :INFO : base_login_to_application :Entering the Username
2022-02-10 11:11:04,984 :INFO : base_login_to_application :Entering the Password
2022-02-10 11:11:10,083 :INFO : base_login_to_application :Clicking login button
2022-02-10 11:11:15,224 :INFO : base_login_to_application :Validating if the user is successfully logged in
2022-02-10 11:11:15,224 :INFO : base_login_to_application :User is successfully logged in the account
2022-02-10 11:11:15,228 :INFO : navigate_to_address :Navigating to my profile section
2022-02-10 11:11:20,938 :INFO : navigate_to_address :Into my profile section
2022-02-10 11:11:26,050 :INFO : navigate_to_address :Into my manage address section
2022-02-10 11:11:31,213 :INFO : test_add_address_functionality :Adding New Address
2022-02-10 11:11:31,229 :INFO : test_add_address_functionality :Adding Name
2022-02-10 11:11:36,340 :INFO : test_add_address_functionality :Adding phone number
2022-02-10 11:11:41,434 :INFO : test_add_address_functionality :Adding pincode
2022-02-10 11:11:46,523 :INFO : test_add_address_functionality :Adding locality
2022-02-10 11:11:51,601 :INFO : test_add_address_functionality :Adding area
2022-02-10 11:23:37,706 :INFO : base_login_to_application :Entering the url
2022-02-10 11:23:41,963 :INFO : base_login_to_application :Entering the Username
2022-02-10 11:23:47,097 :INFO : base_login_to_application :Entering the Password
2022-02-10 11:23:52,195 :INFO : base_login_to_application :Clicking login button
2022-02-10 11:23:57,334 :INFO : base_login_to_application :Validating if the user is successfully logged in
2022-02-10 11:23:57,334 :INFO : base_login_to_application :User is successfully logged in the account
2022-02-10 11:23:57,336 :INFO : navigate_to_address :Navigating to my profile section
2022-02-10 11:24:03,044 :INFO : navigate_to_address :Into my profile section
2022-02-10 11:24:08,141 :INFO : navigate_to_address :Into my manage address section
2022-02-10 11:24:13,266 :INFO : test_add_address_functionality :Adding New Address
2022-02-10 11:24:13,273 :INFO : test_add_address_functionality :Adding Name
2022-02-10 11:24:18,363 :INFO : test_add_address_functionality :Adding phone number
2022-02-10 11:24:23,456 :INFO : test_add_address_functionality :Adding pincode
2022-02-10 11:24:28,552 :INFO : test_add_address_functionality :Adding locality
2022-02-10 11:24:33,655 :INFO : test_add_address_functionality :Adding area
2022-02-10 11:24:38,795 :INFO : test_add_address_functionality :Selecting radio button
2022-02-10 11:24:43,896 :INFO : test_add_address_functionality :Saving changes
2022-02-10 11:24:48,983 :INFO : test_add_address_functionality :Saved changes successfully!!
2022-02-10 11:24:49,014 :INFO : test_add_address_functionality :Testcase 5 is passed successfully!!!
2022-02-10 11:26:37,933 :INFO : base_login_to_application :Entering the url
2022-02-10 11:26:43,499 :INFO : base_login_to_application :Entering the Username
2022-02-10 11:26:48,633 :INFO : base_login_to_application :Entering the Password
2022-02-10 11:26:53,729 :INFO : base_login_to_application :Clicking login button
2022-02-10 11:26:58,868 :INFO : base_login_to_application :Validating if the user is successfully logged in
2022-02-10 11:26:58,868 :INFO : base_login_to_application :User is successfully logged in the account
2022-02-10 11:27:03,991 :INFO : test_login_functionality :Test case 1 is passed
2022-02-10 11:30:34,092 :INFO : base_login_to_application :Entering the url
2022-02-10 11:30:38,430 :INFO : base_login_to_application :Entering the Username
2022-02-10 11:30:43,554 :INFO : base_login_to_application :Entering the Password
2022-02-10 11:30:48,661 :INFO : base_login_to_application :Clicking login button
2022-02-10 11:30:53,817 :INFO : base_login_to_application :Validating if the user is successfully logged in
2022-02-10 11:30:53,818 :INFO : base_login_to_application :User is successfully logged in the account
2022-02-10 11:30:58,920 :INFO : test_cart_functionality :Navigating to Grocery Section
2022-02-10 11:31:16,386 :INFO : base_login_to_application :Entering the url
2022-02-10 11:31:20,567 :INFO : base_login_to_application :Entering the Username
2022-02-10 11:31:25,707 :INFO : base_login_to_application :Entering the Password
2022-02-10 11:31:30,812 :INFO : base_login_to_application :Clicking login button
2022-02-10 11:31:35,965 :INFO : base_login_to_application :Validating if the user is successfully logged in
2022-02-10 11:31:35,965 :INFO : base_login_to_application :User is successfully logged in the account
2022-02-10 11:31:41,055 :INFO : test_cart_functionality :Navigating to Grocery Section
2022-02-10 11:33:52,010 :INFO : base_login_to_application :Entering the url
2022-02-10 11:33:56,124 :INFO : base_login_to_application :Entering the Username
2022-02-10 11:34:01,259 :INFO : base_login_to_application :Entering the Password
2022-02-10 11:34:06,367 :INFO : base_login_to_application :Clicking login button
2022-02-10 11:34:11,523 :INFO : base_login_to_application :Validating if the user is successfully logged in
2022-02-10 11:34:11,523 :INFO : base_login_to_application :User is successfully logged in the account
2022-02-10 11:34:11,530 :INFO : test_wishlist_functionality :Navigating to Fashion Section
2022-02-10 11:34:12,171 :INFO : test_wishlist_functionality :Inside the Kids Section
2022-02-10 11:34:27,830 :INFO : test_wishlist_functionality :Inside the Saree Section
2022-02-10 11:36:10,384 :INFO : base_login_to_application :Entering the url
2022-02-10 11:36:14,369 :INFO : base_login_to_application :Entering the Username
2022-02-10 11:36:19,496 :INFO : base_login_to_application :Entering the Password
2022-02-10 11:36:24,603 :INFO : base_login_to_application :Clicking login button
2022-02-10 11:36:29,737 :INFO : base_login_to_application :Validating if the user is successfully logged in
2022-02-10 11:36:29,737 :INFO : base_login_to_application :User is successfully logged in the account
2022-02-10 11:38:14,344 :INFO : base_login_to_application :Entering the url
2022-02-10 11:38:18,258 :INFO : base_login_to_application :Entering the Username
2022-02-10 11:38:23,388 :INFO : base_login_to_application :Entering the Password
2022-02-10 11:38:28,490 :INFO : base_login_to_application :Clicking login button
2022-02-10 11:38:33,636 :INFO : base_login_to_application :Validating if the user is successfully logged in
2022-02-10 11:38:33,636 :INFO : base_login_to_application :User is successfully logged in the account
2022-02-10 11:38:33,638 :INFO : logout_operation :Navigating to the logout section
2022-02-10 11:38:39,112 :INFO : logout_operation :User is successfully logged out from the account
2022-02-10 11:38:39,112 :INFO : test_add_logout_functionality :Testcase 6 is successfully passed
2022-02-10 12:28:01,669 :INFO : base_login_to_application :Entering the url
2022-02-10 12:28:07,668 :INFO : base_login_to_application :Entering the Username
2022-02-10 12:28:12,828 :INFO : base_login_to_application :Entering the Password
2022-02-10 12:28:17,929 :INFO : base_login_to_application :Clicking login button
2022-02-10 12:28:23,063 :INFO : base_login_to_application :Validating if the user is successfully logged in
2022-02-10 12:28:23,063 :INFO : base_login_to_application :User is successfully logged in the account
2022-02-10 12:28:28,164 :INFO : test_cart_functionality :Navigating to Grocery Section
